<?xml version="1.0" encoding="UTF-8"?>
<!-- Generated by org.testng.reporters.JUnitXMLReporter -->
<testsuite hostname="LAPTOP-HAFECUH3" name="Test" tests="4" failures="0" timestamp="6 Jun 2020 13:57:11 GMT" time="14.793" errors="0">
  <testcase name="testmethod" time="0.02" classname="First.Project.TestNG_Check"/>
  <testcase name="initialisedriver" time="11.891" classname="First.Project.SeleniumCheck"/>
  <testcase name="checkAPI" time="2.855" classname="First.Project.APICheck"/>
  <testcase name="javacheck" time="0.001" classname="First.Project.JavaCheck"/>
</testsuite> <!-- Test -->
