<?xml version="1.0" encoding="UTF-8"?>
<testng-results skipped="0" failed="0" ignored="0" total="5" passed="5">
  <reporter-output>
  </reporter-output>
  <suite name="Suite" duration-ms="4491" started-at="2020-06-07T08:28:47Z" finished-at="2020-06-07T08:28:51Z">
    <groups>
      <group name="cucumber">
        <method signature="AbstractTestNGCucumberTests.runScenario(io.cucumber.testng.PickleWrapper, io.cucumber.testng.FeatureWrapper)[pri:0, instance:CucumberOptions.TestRunner@29774679]" name="runScenario" class="io.cucumber.testng.AbstractTestNGCucumberTests"/>
      </group> <!-- cucumber -->
    </groups>
    <test name="Test" duration-ms="4491" started-at="2020-06-07T08:28:47Z" finished-at="2020-06-07T08:28:51Z">
      <class name="CucumberOptions.TestRunner">
        <test-method status="PASS" signature="setUpClass()[pri:0, instance:CucumberOptions.TestRunner@29774679]" name="setUpClass" is-config="true" duration-ms="323" started-at="2020-06-07T08:28:47Z" finished-at="2020-06-07T08:28:47Z">
          <reporter-output>
          </reporter-output>
        </test-method> <!-- setUpClass -->
        <test-method status="PASS" signature="runScenario(io.cucumber.testng.PickleWrapper, io.cucumber.testng.FeatureWrapper)[pri:0, instance:CucumberOptions.TestRunner@29774679]" name="runScenario" duration-ms="4131" started-at="2020-06-07T08:28:47Z" description="Runs Cucumber Scenarios" data-provider="scenarios" finished-at="2020-06-07T08:28:51Z">
          <params>
            <param index="0">
              <value>
                <![CDATA["Add the google place using Post method and verify response code and plece_id created"]]>
              </value>
            </param>
            <param index="1">
              <value>
                <![CDATA["Adding google place"]]>
              </value>
            </param>
          </params>
          <reporter-output>
          </reporter-output>
        </test-method> <!-- runScenario -->
        <test-method status="PASS" signature="tearDownClass()[pri:0, instance:CucumberOptions.TestRunner@29774679]" name="tearDownClass" is-config="true" duration-ms="5" started-at="2020-06-07T08:28:51Z" finished-at="2020-06-07T08:28:51Z">
          <reporter-output>
          </reporter-output>
        </test-method> <!-- tearDownClass -->
      </class> <!-- CucumberOptions.TestRunner -->
    </test> <!-- Test -->
  </suite> <!-- Suite -->
  <suite name="Suite (0)" duration-ms="13720" started-at="2020-06-07T08:28:51Z" finished-at="2020-06-07T08:29:05Z">
    <groups>
    </groups>
    <test name="Test" duration-ms="13720" started-at="2020-06-07T08:28:51Z" finished-at="2020-06-07T08:29:05Z">
      <class name="First.Project.JavaCheck">
        <test-method status="PASS" signature="javacheck()[pri:0, instance:First.Project.JavaCheck@3abbfa04]" name="javacheck" duration-ms="1" started-at="2020-06-07T08:29:05Z" finished-at="2020-06-07T08:29:05Z">
          <reporter-output>
          </reporter-output>
        </test-method> <!-- javacheck -->
      </class> <!-- First.Project.JavaCheck -->
      <class name="First.Project.SeleniumCheck">
        <test-method status="PASS" signature="initialisedriver()[pri:0, instance:First.Project.SeleniumCheck@13deb50e]" name="initialisedriver" duration-ms="13242" started-at="2020-06-07T08:28:51Z" finished-at="2020-06-07T08:29:05Z">
          <reporter-output>
          </reporter-output>
        </test-method> <!-- initialisedriver -->
      </class> <!-- First.Project.SeleniumCheck -->
      <class name="First.Project.TestNG_Check">
        <test-method status="PASS" signature="testmethod()[pri:0, instance:First.Project.TestNG_Check@f6c48ac]" name="testmethod" duration-ms="0" started-at="2020-06-07T08:28:51Z" finished-at="2020-06-07T08:28:51Z">
          <reporter-output>
          </reporter-output>
        </test-method> <!-- testmethod -->
      </class> <!-- First.Project.TestNG_Check -->
      <class name="First.Project.APICheck">
        <test-method status="PASS" signature="checkAPI()[pri:0, instance:First.Project.APICheck@239963d8]" name="checkAPI" duration-ms="470" started-at="2020-06-07T08:29:05Z" finished-at="2020-06-07T08:29:05Z">
          <reporter-output>
          </reporter-output>
        </test-method> <!-- checkAPI -->
      </class> <!-- First.Project.APICheck -->
    </test> <!-- Test -->
  </suite> <!-- Suite (0) -->
</testng-results>
