<?xml version="1.0" encoding="UTF-8"?>
<!-- Generated by org.testng.reporters.JUnitXMLReporter -->
<testsuite hostname="LAPTOP-HAFECUH3" ignored="0" name="Test" tests="4" failures="0" timestamp="07 Jun 2020 08:29:05 GMT" time="13.72" errors="0">
  <testcase name="testmethod" time="0.0" classname="First.Project.TestNG_Check"/>
  <testcase name="initialisedriver" time="13.242" classname="First.Project.SeleniumCheck"/>
  <testcase name="checkAPI" time="0.47" classname="First.Project.APICheck"/>
  <testcase name="javacheck" time="0.001" classname="First.Project.JavaCheck"/>
</testsuite> <!-- Test -->
